<?xml version="1.0" encoding="UTF-8"?>
<!-- Generated by org.testng.reporters.JUnitReportReporter -->
<testsuite hostname="DESKTOP-NLF7L4D" failures="0" tests="3" name="testNG.Day4" time="0.043" errors="0" timestamp="2024-01-08T23:54:17 IST" skipped="0">
  <testcase classname="testNG.Day4" name="homeloan3" time="0.016"/>
  <system-out/>
  <testcase classname="testNG.Day4" name="homeloan2" time="0.021"/>
  <system-out/>
  <testcase classname="testNG.Day4" name="homeloan1" time="0.006"/>
  <system-out/>
</testsuite> <!-- testNG.Day4 -->
