<?xml version="1.0" encoding="UTF-8"?>
<!-- Generated by org.testng.reporters.JUnitReportReporter -->
<testsuite hostname="DESKTOP-NLF7L4D" failures="0" tests="2" name="basic.Ps1" time="0.035" errors="0" timestamp="2024-01-09T23:38:10 IST" skipped="0">
  <testcase classname="basic.Ps1" name="loginTry" time="0.026"/>
  <system-out/>
  <testcase classname="basic.Ps1" name="login" time="0.009"/>
  <system-out/>
</testsuite> <!-- basic.Ps1 -->
