<?xml version="1.0" encoding="UTF-8"?>
<!-- Generated by org.testng.reporters.JUnitReportReporter -->
<testsuite hostname="DESKTOP-NLF7L4D" failures="0" tests="1" name="testNG.Day1" time="0.104" errors="0" timestamp="2024-01-08T23:54:17 IST" skipped="0">
  <testcase classname="testNG.Day1" name="first" time="0.104"/>
  <system-out/>
</testsuite> <!-- testNG.Day1 -->
