<?xml version="1.0" encoding="UTF-8"?>
<!-- Generated by org.testng.reporters.JUnitReportReporter -->
<testsuite hostname="DESKTOP-NLF7L4D" failures="0" tests="4" name="testNG.Day3" time="0.027" errors="0" timestamp="2024-01-03T23:56:30 IST" skipped="1">
  <testcase classname="testNG.Day3" name="carloan21" time="0.011"/>
  <testcase classname="testNG.Day3" name="carloan1" time="0.002"/>
  <testcase classname="testNG.Day3" name="carloan2" time="0.014"/>
  <testcase classname="testNG.Day3" name="carloan3">
    <skipped/>
  </testcase> <!-- carloan3 -->
</testsuite> <!-- testNG.Day3 -->
